
## README ##
- Ignoring this file as there are no issues reported for MassetHelpers contract. Rest all the functions are from OZ libraries.


[0;31mSeverity:    INFO
Pattern:     Assembly Usage
Description: Usage of assembly in Solidity code is discouraged.
Type:        Violation
Contract:    Address
Line:        477
Source: 
>         // solhint-disable-next-line no-inline-assembly
>         assembly { codehash := extcodehash(account) }
>         ^^^^^^^^^^^^^^^^^^^^^^^^^^^^^^^^^^^^^^^^^^^^^
>         return (codehash != accountHash && codehash != 0x0);

[0m
[0;31mSeverity:    INFO
Pattern:     Solidity Naming Convention
Description: Reports declarations that do not adhere to Solidity's
             naming convention.
Type:        Violation
Contract:    Address
Line:        513
Source: 
>         // solhint-disable-next-line avoid-call-value
>         (bool success, ) = recipient.call.value(amount)("");
>          ^^^^^^^^^^^^
>         require(success, "Address: unable to send value, recipient may have reverted");

[0m
[0;31mSeverity:    INFO
Pattern:     Uninitialized Local Variables
Description: A variable is declared but never initialized.
Type:        Violation
Contract:    Address
Line:        478
Source: 
>         assembly { codehash := extcodehash(account) }
>         return (codehash != accountHash && codehash != 0x0);
>                 ^^^^^^^^
>     }

[0m
